<?xml version="1.0" encoding="UTF-8"?>
<testsuite xmlns:xsi="http://www.w3.org/2001/XMLSchema-instance" xsi:noNamespaceSchemaLocation="https://maven.apache.org/surefire/maven-surefire-plugin/xsd/surefire-test-report.xsd" version="3.0.2" name="TestSuite" time="42.041" tests="4" errors="0" skipped="0" failures="0">
  <properties>
    <property name="sun.desktop" value="windows"/>
    <property name="awt.toolkit" value="sun.awt.windows.WToolkit"/>
    <property name="java.specification.version" value="11"/>
    <property name="sun.cpu.isalist" value="amd64"/>
    <property name="sun.jnu.encoding" value="Cp1252"/>
    <property name="java.class.path" value="C:\Users\farhan.ahmed_venture\eclipse-workspace\RestAssured_AutomationFramework_SwaggerPetstore\target\test-classes;C:\Users\farhan.ahmed_venture\eclipse-workspace\RestAssured_AutomationFramework_SwaggerPetstore\target\classes;C:\Users\farhan.ahmed_venture\.m2\repository\io\rest-assured\rest-assured\5.5.0\rest-assured-5.5.0.jar;C:\Users\farhan.ahmed_venture\.m2\repository\org\apache\groovy\groovy\4.0.22\groovy-4.0.22.jar;C:\Users\farhan.ahmed_venture\.m2\repository\org\apache\groovy\groovy-xml\4.0.22\groovy-xml-4.0.22.jar;C:\Users\farhan.ahmed_venture\.m2\repository\org\apache\httpcomponents\httpclient\4.5.13\httpclient-4.5.13.jar;C:\Users\farhan.ahmed_venture\.m2\repository\org\apache\httpcomponents\httpcore\4.4.13\httpcore-4.4.13.jar;C:\Users\farhan.ahmed_venture\.m2\repository\commons-logging\commons-logging\1.2\commons-logging-1.2.jar;C:\Users\farhan.ahmed_venture\.m2\repository\org\apache\httpcomponents\httpmime\4.5.13\httpmime-4.5.13.jar;C:\Users\farhan.ahmed_venture\.m2\repository\org\hamcrest\hamcrest\2.2\hamcrest-2.2.jar;C:\Users\farhan.ahmed_venture\.m2\repository\org\ccil\cowan\tagsoup\tagsoup\1.2.1\tagsoup-1.2.1.jar;C:\Users\farhan.ahmed_venture\.m2\repository\io\rest-assured\json-path\5.5.0\json-path-5.5.0.jar;C:\Users\farhan.ahmed_venture\.m2\repository\org\apache\groovy\groovy-json\4.0.22\groovy-json-4.0.22.jar;C:\Users\farhan.ahmed_venture\.m2\repository\io\rest-assured\rest-assured-common\5.5.0\rest-assured-common-5.5.0.jar;C:\Users\farhan.ahmed_venture\.m2\repository\io\rest-assured\xml-path\5.5.0\xml-path-5.5.0.jar;C:\Users\farhan.ahmed_venture\.m2\repository\org\testng\testng\7.10.2\testng-7.10.2.jar;C:\Users\farhan.ahmed_venture\.m2\repository\org\slf4j\slf4j-api\1.7.36\slf4j-api-1.7.36.jar;C:\Users\farhan.ahmed_venture\.m2\repository\com\beust\jcommander\1.82\jcommander-1.82.jar;C:\Users\farhan.ahmed_venture\.m2\repository\org\webjars\jquery\3.7.1\jquery-3.7.1.jar;C:\Users\farhan.ahmed_venture\.m2\repository\com\jayway\jsonpath\json-path\2.9.0\json-path-2.9.0.jar;C:\Users\farhan.ahmed_venture\.m2\repository\net\minidev\json-smart\2.5.0\json-smart-2.5.0.jar;C:\Users\farhan.ahmed_venture\.m2\repository\net\minidev\accessors-smart\2.5.0\accessors-smart-2.5.0.jar;C:\Users\farhan.ahmed_venture\.m2\repository\org\ow2\asm\asm\9.3\asm-9.3.jar;C:\Users\farhan.ahmed_venture\.m2\repository\org\json\json\20240303\json-20240303.jar;C:\Users\farhan.ahmed_venture\.m2\repository\com\google\code\gson\gson\2.11.0\gson-2.11.0.jar;C:\Users\farhan.ahmed_venture\.m2\repository\com\google\errorprone\error_prone_annotations\2.27.0\error_prone_annotations-2.27.0.jar;C:\Users\farhan.ahmed_venture\.m2\repository\com\github\javafaker\javafaker\1.0.2\javafaker-1.0.2.jar;C:\Users\farhan.ahmed_venture\.m2\repository\org\apache\commons\commons-lang3\3.5\commons-lang3-3.5.jar;C:\Users\farhan.ahmed_venture\.m2\repository\org\yaml\snakeyaml\1.23\snakeyaml-1.23-android.jar;C:\Users\farhan.ahmed_venture\.m2\repository\com\github\mifmif\generex\1.0.2\generex-1.0.2.jar;C:\Users\farhan.ahmed_venture\.m2\repository\dk\brics\automaton\automaton\1.11-8\automaton-1.11-8.jar;C:\Users\farhan.ahmed_venture\.m2\repository\org\apache\poi\poi\5.2.3\poi-5.2.3.jar;C:\Users\farhan.ahmed_venture\.m2\repository\commons-codec\commons-codec\1.15\commons-codec-1.15.jar;C:\Users\farhan.ahmed_venture\.m2\repository\org\apache\commons\commons-collections4\4.4\commons-collections4-4.4.jar;C:\Users\farhan.ahmed_venture\.m2\repository\org\apache\commons\commons-math3\3.6.1\commons-math3-3.6.1.jar;C:\Users\farhan.ahmed_venture\.m2\repository\commons-io\commons-io\2.11.0\commons-io-2.11.0.jar;C:\Users\farhan.ahmed_venture\.m2\repository\com\zaxxer\SparseBitSet\1.2\SparseBitSet-1.2.jar;C:\Users\farhan.ahmed_venture\.m2\repository\org\apache\poi\poi-ooxml\5.2.3\poi-ooxml-5.2.3.jar;C:\Users\farhan.ahmed_venture\.m2\repository\org\apache\poi\poi-ooxml-lite\5.2.3\poi-ooxml-lite-5.2.3.jar;C:\Users\farhan.ahmed_venture\.m2\repository\org\apache\xmlbeans\xmlbeans\5.1.1\xmlbeans-5.1.1.jar;C:\Users\farhan.ahmed_venture\.m2\repository\org\apache\commons\commons-compress\1.21\commons-compress-1.21.jar;C:\Users\farhan.ahmed_venture\.m2\repository\com\github\virtuald\curvesapi\1.07\curvesapi-1.07.jar;C:\Users\farhan.ahmed_venture\.m2\repository\org\apache\logging\log4j\log4j-core\2.24.1\log4j-core-2.24.1.jar;C:\Users\farhan.ahmed_venture\.m2\repository\org\apache\logging\log4j\log4j-api\2.24.1\log4j-api-2.24.1.jar;C:\Users\farhan.ahmed_venture\.m2\repository\com\aventstack\extentreports\5.1.2\extentreports-5.1.2.jar;C:\Users\farhan.ahmed_venture\.m2\repository\io\reactivex\rxjava3\rxjava\3.1.6\rxjava-3.1.6.jar;C:\Users\farhan.ahmed_venture\.m2\repository\org\reactivestreams\reactive-streams\1.0.4\reactive-streams-1.0.4.jar;C:\Users\farhan.ahmed_venture\.m2\repository\org\freemarker\freemarker\2.3.32\freemarker-2.3.32.jar;C:\Users\farhan.ahmed_venture\.m2\repository\org\projectlombok\lombok\1.18.26\lombok-1.18.26.jar;"/>
    <property name="java.vm.vendor" value="Eclipse Adoptium"/>
    <property name="sun.arch.data.model" value="64"/>
    <property name="user.variant" value=""/>
    <property name="java.vendor.url" value="https://adoptium.net/"/>
    <property name="user.timezone" value="Asia/Karachi"/>
    <property name="java.vm.specification.version" value="11"/>
    <property name="os.name" value="Windows 10"/>
    <property name="sun.java.launcher" value="SUN_STANDARD"/>
    <property name="user.country" value="US"/>
    <property name="sun.boot.library.path" value="C:\Program Files\Eclipse Adoptium\jdk-11.0.24.8-hotspot\bin"/>
    <property name="sun.java.command" value="C:\Users\farhan.ahmed_venture\AppData\Local\Temp\surefire18317344583258016103\surefirebooter-20241111145203960_3.jar C:\Users\farhan.ahmed_venture\AppData\Local\Temp\surefire18317344583258016103 2024-11-11T14-52-03_204-jvmRun1 surefire-20241111145203960_1tmp surefire_0-20241111145203960_2tmp"/>
    <property name="jdk.debug" value="release"/>
    <property name="surefire.test.class.path" value="C:\Users\farhan.ahmed_venture\eclipse-workspace\RestAssured_AutomationFramework_SwaggerPetstore\target\test-classes;C:\Users\farhan.ahmed_venture\eclipse-workspace\RestAssured_AutomationFramework_SwaggerPetstore\target\classes;C:\Users\farhan.ahmed_venture\.m2\repository\io\rest-assured\rest-assured\5.5.0\rest-assured-5.5.0.jar;C:\Users\farhan.ahmed_venture\.m2\repository\org\apache\groovy\groovy\4.0.22\groovy-4.0.22.jar;C:\Users\farhan.ahmed_venture\.m2\repository\org\apache\groovy\groovy-xml\4.0.22\groovy-xml-4.0.22.jar;C:\Users\farhan.ahmed_venture\.m2\repository\org\apache\httpcomponents\httpclient\4.5.13\httpclient-4.5.13.jar;C:\Users\farhan.ahmed_venture\.m2\repository\org\apache\httpcomponents\httpcore\4.4.13\httpcore-4.4.13.jar;C:\Users\farhan.ahmed_venture\.m2\repository\commons-logging\commons-logging\1.2\commons-logging-1.2.jar;C:\Users\farhan.ahmed_venture\.m2\repository\org\apache\httpcomponents\httpmime\4.5.13\httpmime-4.5.13.jar;C:\Users\farhan.ahmed_venture\.m2\repository\org\hamcrest\hamcrest\2.2\hamcrest-2.2.jar;C:\Users\farhan.ahmed_venture\.m2\repository\org\ccil\cowan\tagsoup\tagsoup\1.2.1\tagsoup-1.2.1.jar;C:\Users\farhan.ahmed_venture\.m2\repository\io\rest-assured\json-path\5.5.0\json-path-5.5.0.jar;C:\Users\farhan.ahmed_venture\.m2\repository\org\apache\groovy\groovy-json\4.0.22\groovy-json-4.0.22.jar;C:\Users\farhan.ahmed_venture\.m2\repository\io\rest-assured\rest-assured-common\5.5.0\rest-assured-common-5.5.0.jar;C:\Users\farhan.ahmed_venture\.m2\repository\io\rest-assured\xml-path\5.5.0\xml-path-5.5.0.jar;C:\Users\farhan.ahmed_venture\.m2\repository\org\testng\testng\7.10.2\testng-7.10.2.jar;C:\Users\farhan.ahmed_venture\.m2\repository\org\slf4j\slf4j-api\1.7.36\slf4j-api-1.7.36.jar;C:\Users\farhan.ahmed_venture\.m2\repository\com\beust\jcommander\1.82\jcommander-1.82.jar;C:\Users\farhan.ahmed_venture\.m2\repository\org\webjars\jquery\3.7.1\jquery-3.7.1.jar;C:\Users\farhan.ahmed_venture\.m2\repository\com\jayway\jsonpath\json-path\2.9.0\json-path-2.9.0.jar;C:\Users\farhan.ahmed_venture\.m2\repository\net\minidev\json-smart\2.5.0\json-smart-2.5.0.jar;C:\Users\farhan.ahmed_venture\.m2\repository\net\minidev\accessors-smart\2.5.0\accessors-smart-2.5.0.jar;C:\Users\farhan.ahmed_venture\.m2\repository\org\ow2\asm\asm\9.3\asm-9.3.jar;C:\Users\farhan.ahmed_venture\.m2\repository\org\json\json\20240303\json-20240303.jar;C:\Users\farhan.ahmed_venture\.m2\repository\com\google\code\gson\gson\2.11.0\gson-2.11.0.jar;C:\Users\farhan.ahmed_venture\.m2\repository\com\google\errorprone\error_prone_annotations\2.27.0\error_prone_annotations-2.27.0.jar;C:\Users\farhan.ahmed_venture\.m2\repository\com\github\javafaker\javafaker\1.0.2\javafaker-1.0.2.jar;C:\Users\farhan.ahmed_venture\.m2\repository\org\apache\commons\commons-lang3\3.5\commons-lang3-3.5.jar;C:\Users\farhan.ahmed_venture\.m2\repository\org\yaml\snakeyaml\1.23\snakeyaml-1.23-android.jar;C:\Users\farhan.ahmed_venture\.m2\repository\com\github\mifmif\generex\1.0.2\generex-1.0.2.jar;C:\Users\farhan.ahmed_venture\.m2\repository\dk\brics\automaton\automaton\1.11-8\automaton-1.11-8.jar;C:\Users\farhan.ahmed_venture\.m2\repository\org\apache\poi\poi\5.2.3\poi-5.2.3.jar;C:\Users\farhan.ahmed_venture\.m2\repository\commons-codec\commons-codec\1.15\commons-codec-1.15.jar;C:\Users\farhan.ahmed_venture\.m2\repository\org\apache\commons\commons-collections4\4.4\commons-collections4-4.4.jar;C:\Users\farhan.ahmed_venture\.m2\repository\org\apache\commons\commons-math3\3.6.1\commons-math3-3.6.1.jar;C:\Users\farhan.ahmed_venture\.m2\repository\commons-io\commons-io\2.11.0\commons-io-2.11.0.jar;C:\Users\farhan.ahmed_venture\.m2\repository\com\zaxxer\SparseBitSet\1.2\SparseBitSet-1.2.jar;C:\Users\farhan.ahmed_venture\.m2\repository\org\apache\poi\poi-ooxml\5.2.3\poi-ooxml-5.2.3.jar;C:\Users\farhan.ahmed_venture\.m2\repository\org\apache\poi\poi-ooxml-lite\5.2.3\poi-ooxml-lite-5.2.3.jar;C:\Users\farhan.ahmed_venture\.m2\repository\org\apache\xmlbeans\xmlbeans\5.1.1\xmlbeans-5.1.1.jar;C:\Users\farhan.ahmed_venture\.m2\repository\org\apache\commons\commons-compress\1.21\commons-compress-1.21.jar;C:\Users\farhan.ahmed_venture\.m2\repository\com\github\virtuald\curvesapi\1.07\curvesapi-1.07.jar;C:\Users\farhan.ahmed_venture\.m2\repository\org\apache\logging\log4j\log4j-core\2.24.1\log4j-core-2.24.1.jar;C:\Users\farhan.ahmed_venture\.m2\repository\org\apache\logging\log4j\log4j-api\2.24.1\log4j-api-2.24.1.jar;C:\Users\farhan.ahmed_venture\.m2\repository\com\aventstack\extentreports\5.1.2\extentreports-5.1.2.jar;C:\Users\farhan.ahmed_venture\.m2\repository\io\reactivex\rxjava3\rxjava\3.1.6\rxjava-3.1.6.jar;C:\Users\farhan.ahmed_venture\.m2\repository\org\reactivestreams\reactive-streams\1.0.4\reactive-streams-1.0.4.jar;C:\Users\farhan.ahmed_venture\.m2\repository\org\freemarker\freemarker\2.3.32\freemarker-2.3.32.jar;C:\Users\farhan.ahmed_venture\.m2\repository\org\projectlombok\lombok\1.18.26\lombok-1.18.26.jar;"/>
    <property name="sun.cpu.endian" value="little"/>
    <property name="user.home" value="C:\Users\farhan.ahmed_venture"/>
    <property name="user.language" value="en"/>
    <property name="java.specification.vendor" value="Oracle Corporation"/>
    <property name="java.version.date" value="2024-07-16"/>
    <property name="java.home" value="C:\Program Files\Eclipse Adoptium\jdk-11.0.24.8-hotspot"/>
    <property name="file.separator" value="\"/>
    <property name="basedir" value="C:\Users\farhan.ahmed_venture\eclipse-workspace\RestAssured_AutomationFramework_SwaggerPetstore"/>
    <property name="java.vm.compressedOopsMode" value="Zero based"/>
    <property name="line.separator" value="&#10;"/>
    <property name="java.specification.name" value="Java Platform API Specification"/>
    <property name="java.vm.specification.vendor" value="Oracle Corporation"/>
    <property name="java.awt.graphicsenv" value="sun.awt.Win32GraphicsEnvironment"/>
    <property name="surefire.real.class.path" value="C:\Users\farhan.ahmed_venture\AppData\Local\Temp\surefire18317344583258016103\surefirebooter-20241111145203960_3.jar"/>
    <property name="user.script" value=""/>
    <property name="sun.management.compiler" value="HotSpot 64-Bit Tiered Compilers"/>
    <property name="java.runtime.version" value="11.0.24+8"/>
    <property name="user.name" value="farhan.ahmed_venture"/>
    <property name="path.separator" value=";"/>
    <property name="os.version" value="10.0"/>
    <property name="java.runtime.name" value="OpenJDK Runtime Environment"/>
    <property name="file.encoding" value="Cp1252"/>
    <property name="java.vm.name" value="OpenJDK 64-Bit Server VM"/>
    <property name="java.vendor.version" value="Temurin-11.0.24+8"/>
    <property name="localRepository" value="C:\Users\farhan.ahmed_venture\.m2\repository"/>
    <property name="java.vendor.url.bug" value="https://github.com/adoptium/adoptium-support/issues"/>
    <property name="java.io.tmpdir" value="C:\Users\FARHAN~1.AHM\AppData\Local\Temp\"/>
    <property name="java.version" value="11.0.24"/>
    <property name="user.dir" value="C:\Users\farhan.ahmed_venture\eclipse-workspace\RestAssured_AutomationFramework_SwaggerPetstore"/>
    <property name="os.arch" value="amd64"/>
    <property name="java.vm.specification.name" value="Java Virtual Machine Specification"/>
    <property name="java.awt.printerjob" value="sun.awt.windows.WPrinterJob"/>
    <property name="sun.os.patch.level" value=""/>
    <property name="java.library.path" value="C:\Program Files\Eclipse Adoptium\jdk-11.0.24.8-hotspot\bin;C:\Windows\Sun\Java\bin;C:\Windows\system32;C:\Windows;C:\Program Files\Eclipse Adoptium\jdk-11.0.24.8-hotspot\bin;C:\Windows\system32;C:\Windows;C:\Windows\System32\Wbem;C:\Windows\System32\WindowsPowerShell\v1.0\;C:\Windows\System32\OpenSSH\;C:\Program Files\nodejs\;C:\Program Files\Docker\Docker\resources\bin;C:\apache-maven-3.9.9\bin;C:\Users\farhan.ahmed_venture\AppData\Local\Microsoft\WindowsApps;C:\Users\farhan.ahmed_venture\AppData\Roaming\npm;."/>
    <property name="java.vm.info" value="mixed mode"/>
    <property name="java.vendor" value="Eclipse Adoptium"/>
    <property name="java.vm.version" value="11.0.24+8"/>
    <property name="java.specification.maintenance.version" value="2"/>
    <property name="sun.io.unicode.encoding" value="UnicodeLittle"/>
    <property name="java.class.version" value="55.0"/>
  </properties>
  <testcase name="testPostUser" classname="api.test.UserTests" time="9.193">
    <system-out><![CDATA[HTTP/1.1 200 OK
Date: Mon, 11 Nov 2024 09:52:15 GMT
Content-Type: application/json
Transfer-Encoding: chunked
Connection: keep-alive
Access-Control-Allow-Origin: *
Access-Control-Allow-Methods: GET, POST, DELETE, PUT
Access-Control-Allow-Headers: Content-Type, api_key, Authorization
Server: Jetty(9.2.9.v20150224)

{
    "code": 200,
    "type": "unknown",
    "message": "1252540239"
}
]]></system-out>
    <system-err><![CDATA[SLF4J: Failed to load class "org.slf4j.impl.StaticLoggerBinder".
SLF4J: Defaulting to no-operation (NOP) logger implementation
SLF4J: See http://www.slf4j.org/codes.html#StaticLoggerBinder for further details.
]]></system-err>
  </testcase>
  <testcase name="testGetUserByName" classname="api.test.UserTests" time="7.05">
    <system-out><![CDATA[HTTP/1.1 200 OK
Date: Mon, 11 Nov 2024 09:52:22 GMT
Content-Type: application/json
Transfer-Encoding: chunked
Connection: keep-alive
Access-Control-Allow-Origin: *
Access-Control-Allow-Methods: GET, POST, DELETE, PUT
Access-Control-Allow-Headers: Content-Type, api_key, Authorization
Server: Jetty(9.2.9.v20150224)

{
    "id": 1252540239,
    "username": "graham.wisozk",
    "firstName": "Leonardo",
    "lastName": "Hilpert",
    "email": "luis.gusikowski@example.com",
    "password": "cl3ve",
    "phone": "1-244-359-0309",
    "userStatus": 0
}
]]></system-out>
  </testcase>
  <testcase name="testUpdateUserByName" classname="api.test.UserTests" time="12.533">
    <system-out><![CDATA[{
    "code": 200,
    "type": "unknown",
    "message": "1252540239"
}
]]></system-out>
  </testcase>
  <testcase name="testDeleteUserByName" classname="api.test.UserTests" time="9.041"/>
</testsuite>