<?xml version="1.0" encoding="UTF-8"?>
<!-- Generated by org.testng.reporters.JUnitReportReporter -->
<testsuite hostname="Farhan-Ahmed-G5" failures="0" tests="8" name="api.test.DDTests" time="22.811" errors="0" timestamp="2024-11-10T22:23:49 PKT" skipped="0">
  <testcase classname="api.test.DDTests" name="testPostuser" time="1.998"/>
  <testcase classname="api.test.DDTests" name="testPostuser" time="2.705"/>
  <testcase classname="api.test.DDTests" name="testPostuser" time="5.577"/>
  <testcase classname="api.test.DDTests" name="testPostuser" time="2.426"/>
  <testcase classname="api.test.DDTests" name="testDeleteUserByName" time="2.180"/>
  <testcase classname="api.test.DDTests" name="testDeleteUserByName" time="2.915"/>
  <testcase classname="api.test.DDTests" name="testDeleteUserByName" time="2.249"/>
  <testcase classname="api.test.DDTests" name="testDeleteUserByName" time="2.761"/>
</testsuite> <!-- api.test.DDTests -->
