<?xml version="1.0" encoding="UTF-8"?>
<!-- Generated by org.testng.reporters.JUnitReportReporter -->
<testsuite hostname="Farhan-Ahmed-G5" failures="0" tests="4" name="api.test.UserTests" time="12.943" errors="0" timestamp="2024-11-11T00:27:03 PKT" skipped="0">
  <testcase classname="api.test.UserTests" name="testPostUser" time="4.743"/>
  <testcase classname="api.test.UserTests" name="testGetUserByName" time="1.975"/>
  <testcase classname="api.test.UserTests" name="testUpdateUserByName" time="4.339"/>
  <testcase classname="api.test.UserTests" name="testDeleteUserByName" time="1.886"/>
</testsuite> <!-- api.test.UserTests -->
