<?xml version="1.0" encoding="UTF-8"?>
<!-- Generated by org.testng.reporters.JUnitReportReporter -->
<testsuite hostname="Farhan-Ahmed-G5" failures="0" tests="4" name="api.test.UserTests" time="37.776" errors="0" timestamp="2024-11-11T14:52:46 PKT" skipped="0">
  <testcase classname="api.test.UserTests" name="testPostUser" time="9.152"/>
  <testcase classname="api.test.UserTests" name="testGetUserByName" time="7.048"/>
  <testcase classname="api.test.UserTests" name="testUpdateUserByName" time="12.536"/>
  <testcase classname="api.test.UserTests" name="testDeleteUserByName" time="9.040"/>
</testsuite> <!-- api.test.UserTests -->
